2021-05-26 18:47:14,740 [INFO] Activator:170 - 


2021-05-26 18:47:14,740 [INFO] Activator:171 - !SESSION log4j initialized
2021-05-26 18:48:01,326 [ERROR] LogOutputStream:74 - [STDERR_REDIRECT] Managed Build system manifest file error: Could not load icon "icons/chip.png".
2021-05-26 18:48:01,326 [ERROR] LogOutputStream:74 - [STDERR_REDIRECT] Managed Build system manifest file error: Could not load icon "icons/chip.png".
2021-05-26 18:48:01,342 [ERROR] LogOutputStream:74 - [STDERR_REDIRECT] Managed Build system manifest file error: Could not load icon "icons/chip.png".
2021-05-26 18:48:13,378 [INFO] McuFinderGlobals:39 - Set McuFinder mode to 2 (CubeIDE integrated)
2021-05-26 18:48:14,634 [INFO] ApplicationProperties:181 - Using Application install path: C:\ST\STM32CubeIDE_1.5.1\STM32CubeIDE\plugins\com.st.stm32cube.common.mx_6.2.1.202103241236
2021-05-26 18:48:14,634 [INFO] DbMcusXml:74 - Set database path to: C:\ST\STM32CubeIDE_1.5.1\STM32CubeIDE\plugins\com.st.stm32cube.common.mx_6.2.1.202103241236\\db\/mcu/
2021-05-26 18:48:14,649 [INFO] DbBoardsPdsc:56 - Set plugin database path to: C:\ST\STM32CubeIDE_1.5.1\STM32CubeIDE\plugins\com.st.stm32cube.common.mx_6.2.1.202103241236\\db\/plugins/boardmanager/
2021-05-26 18:48:14,649 [INFO] DbMcus:258 - Set plugin images path to: C:\ST\STM32CubeIDE_1.5.1\STM32CubeIDE\plugins\com.st.stm32cube.common.mx_6.2.1.202103241236\\db\/plugins/mcufinder/images/
2021-05-26 18:48:14,649 [INFO] DbBoards:264 - Set plugin images path to: C:\ST\STM32CubeIDE_1.5.1\STM32CubeIDE\plugins\com.st.stm32cube.common.mx_6.2.1.202103241236\\db\/plugins/mcufinder/images/
2021-05-26 18:48:14,649 [INFO] DbExamples:333 - Set plugin images path to: C:\ST\STM32CubeIDE_1.5.1\STM32CubeIDE\plugins\com.st.stm32cube.common.mx_6.2.1.202103241236\\db\/plugins/mcufinder/images/
2021-05-26 18:48:14,649 [INFO] DbMcusAds:85 - Set database path to: C:\Users\c3267533\.stmcufinder\plugins\mcufinder//mcu/
2021-05-26 18:48:14,665 [INFO] DbMcusDocs:110 - Set database path to: C:\Users\c3267533\.stmcufinder\plugins\mcufinder//mcu/
2021-05-26 18:48:14,665 [INFO] DbMcusJson:65 - Set database path to: C:\Users\c3267533\.stmcufinder\plugins\mcufinder//mcu/
2021-05-26 18:48:14,665 [INFO] DbBoardsDocs:110 - Set database path to: C:\Users\c3267533\.stmcufinder\plugins\mcufinder//mcu/
2021-05-26 18:48:14,665 [INFO] DbBoardsJson:58 - Set database path to: C:\Users\c3267533\.stmcufinder\plugins\mcufinder//mcu/
2021-05-26 18:48:14,665 [INFO] CrossReferenceDbSqlite:196 - Set database path to: C:\Users\c3267533\.stmcufinder\plugins\mcufinder//mcu/cs/
2021-05-26 18:48:14,681 [INFO] DbExamplesSqlite:690 - Set database path to: C:\Users\c3267533\.stmcufinder\plugins\mcufinder//mcu/
2021-05-26 18:48:14,759 [INFO] RulesReader:52 - Compatibility file has been processed (237 Rules)
2021-05-26 18:48:14,868 [INFO] MicroXplorer:622 - Detected Java Version = 11.0.9.1
2021-05-26 18:48:14,868 [INFO] DbMcusXml:74 - Set database path to: C:\ST\STM32CubeIDE_1.5.1\STM32CubeIDE\plugins\com.st.stm32cube.common.mx_6.2.1.202103241236\\db\/mcu/
2021-05-26 18:48:14,868 [INFO] DbBoardsPdsc:56 - Set plugin database path to: C:\ST\STM32CubeIDE_1.5.1\STM32CubeIDE\plugins\com.st.stm32cube.common.mx_6.2.1.202103241236\\db\/plugins/boardmanager/
2021-05-26 18:48:14,868 [INFO] DbMcus:258 - Set plugin images path to: C:\ST\STM32CubeIDE_1.5.1\STM32CubeIDE\plugins\com.st.stm32cube.common.mx_6.2.1.202103241236\\db\/plugins/mcufinder/images/
2021-05-26 18:48:14,868 [INFO] DbBoards:264 - Set plugin images path to: C:\ST\STM32CubeIDE_1.5.1\STM32CubeIDE\plugins\com.st.stm32cube.common.mx_6.2.1.202103241236\\db\/plugins/mcufinder/images/
2021-05-26 18:48:14,868 [INFO] DbExamples:333 - Set plugin images path to: C:\ST\STM32CubeIDE_1.5.1\STM32CubeIDE\plugins\com.st.stm32cube.common.mx_6.2.1.202103241236\\db\/plugins/mcufinder/images/
2021-05-26 18:48:14,868 [WARN] DbFile:35 - Overriding database path with different value: C:\Users\c3267533\.stmcufinder\plugins\mcufinder/ => C:\Users\c3267533\.stmcufinder\plugins\mcufinder
2021-05-26 18:48:14,868 [INFO] DbMcusAds:85 - Set database path to: C:\Users\c3267533\.stmcufinder\plugins\mcufinder//mcu/
2021-05-26 18:48:14,868 [WARN] DbFile:35 - Overriding database path with different value: C:\Users\c3267533\.stmcufinder\plugins\mcufinder/ => C:\Users\c3267533\.stmcufinder\plugins\mcufinder
2021-05-26 18:48:14,868 [INFO] DbMcusDocs:110 - Set database path to: C:\Users\c3267533\.stmcufinder\plugins\mcufinder//mcu/
2021-05-26 18:48:14,868 [WARN] DbFile:35 - Overriding database path with different value: C:\Users\c3267533\.stmcufinder\plugins\mcufinder/ => C:\Users\c3267533\.stmcufinder\plugins\mcufinder
2021-05-26 18:48:14,868 [INFO] DbMcusJson:65 - Set database path to: C:\Users\c3267533\.stmcufinder\plugins\mcufinder//mcu/
2021-05-26 18:48:14,868 [WARN] DbFile:35 - Overriding database path with different value: C:\Users\c3267533\.stmcufinder\plugins\mcufinder/ => C:\Users\c3267533\.stmcufinder\plugins\mcufinder
2021-05-26 18:48:14,868 [INFO] DbBoardsDocs:110 - Set database path to: C:\Users\c3267533\.stmcufinder\plugins\mcufinder//mcu/
2021-05-26 18:48:14,868 [WARN] DbFile:35 - Overriding database path with different value: C:\Users\c3267533\.stmcufinder\plugins\mcufinder/ => C:\Users\c3267533\.stmcufinder\plugins\mcufinder
2021-05-26 18:48:14,868 [INFO] DbBoardsJson:58 - Set database path to: C:\Users\c3267533\.stmcufinder\plugins\mcufinder//mcu/
2021-05-26 18:48:14,868 [WARN] DbFile:35 - Overriding database path with different value: C:\Users\c3267533\.stmcufinder\plugins\mcufinder/ => C:\Users\c3267533\.stmcufinder\plugins\mcufinder
2021-05-26 18:48:14,868 [WARN] DbFile:35 - Overriding database path with different value: C:\Users\c3267533\.stmcufinder\plugins\mcufinder/ => C:\Users\c3267533\.stmcufinder\plugins\mcufinder
2021-05-26 18:48:14,868 [INFO] CrossReferenceDbSqlite:196 - Set database path to: C:\Users\c3267533\.stmcufinder\plugins\mcufinder//mcu/cs/
2021-05-26 18:48:14,884 [WARN] DbFile:35 - Overriding database path with different value: C:\Users\c3267533\.stmcufinder\plugins\mcufinder/ => C:\Users\c3267533\.stmcufinder\plugins\mcufinder
2021-05-26 18:48:14,884 [INFO] DbExamplesSqlite:690 - Set database path to: C:\Users\c3267533\.stmcufinder\plugins\mcufinder//mcu/
2021-05-26 18:48:14,930 [INFO] MainPanel:204 - HeapMemory: 268435456
2021-05-26 18:48:14,962 [INFO] DbMcusXml:74 - Set database path to: C:\ST\STM32CubeIDE_1.5.1\STM32CubeIDE\plugins\com.st.stm32cube.common.mx_6.2.1.202103241236\\db\/mcu/
2021-05-26 18:48:14,962 [INFO] DbBoardsPdsc:56 - Set plugin database path to: C:\ST\STM32CubeIDE_1.5.1\STM32CubeIDE\plugins\com.st.stm32cube.common.mx_6.2.1.202103241236\\db\/plugins/boardmanager/
2021-05-26 18:48:14,977 [INFO] DbMcus:258 - Set plugin images path to: C:\ST\STM32CubeIDE_1.5.1\STM32CubeIDE\plugins\com.st.stm32cube.common.mx_6.2.1.202103241236\\db\/plugins/mcufinder/images/
2021-05-26 18:48:14,977 [INFO] DbBoards:264 - Set plugin images path to: C:\ST\STM32CubeIDE_1.5.1\STM32CubeIDE\plugins\com.st.stm32cube.common.mx_6.2.1.202103241236\\db\/plugins/mcufinder/images/
2021-05-26 18:48:14,977 [INFO] DbExamples:333 - Set plugin images path to: C:\ST\STM32CubeIDE_1.5.1\STM32CubeIDE\plugins\com.st.stm32cube.common.mx_6.2.1.202103241236\\db\/plugins/mcufinder/images/
2021-05-26 18:48:14,977 [WARN] DbFile:35 - Overriding database path with different value: C:\Users\c3267533\.stmcufinder\plugins\mcufinder/ => C:\Users\c3267533\.stmcufinder\plugins\mcufinder
2021-05-26 18:48:14,977 [INFO] DbMcusAds:85 - Set database path to: C:\Users\c3267533\.stmcufinder\plugins\mcufinder//mcu/
2021-05-26 18:48:14,977 [WARN] DbFile:35 - Overriding database path with different value: C:\Users\c3267533\.stmcufinder\plugins\mcufinder/ => C:\Users\c3267533\.stmcufinder\plugins\mcufinder
2021-05-26 18:48:14,977 [INFO] DbMcusDocs:110 - Set database path to: C:\Users\c3267533\.stmcufinder\plugins\mcufinder//mcu/
2021-05-26 18:48:14,977 [WARN] DbFile:35 - Overriding database path with different value: C:\Users\c3267533\.stmcufinder\plugins\mcufinder/ => C:\Users\c3267533\.stmcufinder\plugins\mcufinder
2021-05-26 18:48:14,977 [INFO] DbMcusJson:65 - Set database path to: C:\Users\c3267533\.stmcufinder\plugins\mcufinder//mcu/
2021-05-26 18:48:14,977 [WARN] DbFile:35 - Overriding database path with different value: C:\Users\c3267533\.stmcufinder\plugins\mcufinder/ => C:\Users\c3267533\.stmcufinder\plugins\mcufinder
2021-05-26 18:48:14,977 [INFO] DbBoardsDocs:110 - Set database path to: C:\Users\c3267533\.stmcufinder\plugins\mcufinder//mcu/
2021-05-26 18:48:14,977 [WARN] DbFile:35 - Overriding database path with different value: C:\Users\c3267533\.stmcufinder\plugins\mcufinder/ => C:\Users\c3267533\.stmcufinder\plugins\mcufinder
2021-05-26 18:48:14,977 [INFO] DbBoardsJson:58 - Set database path to: C:\Users\c3267533\.stmcufinder\plugins\mcufinder//mcu/
2021-05-26 18:48:14,977 [WARN] DbFile:35 - Overriding database path with different value: C:\Users\c3267533\.stmcufinder\plugins\mcufinder/ => C:\Users\c3267533\.stmcufinder\plugins\mcufinder
2021-05-26 18:48:14,977 [WARN] DbFile:35 - Overriding database path with different value: C:\Users\c3267533\.stmcufinder\plugins\mcufinder/ => C:\Users\c3267533\.stmcufinder\plugins\mcufinder
2021-05-26 18:48:14,977 [INFO] CrossReferenceDbSqlite:196 - Set database path to: C:\Users\c3267533\.stmcufinder\plugins\mcufinder//mcu/cs/
2021-05-26 18:48:14,977 [WARN] DbFile:35 - Overriding database path with different value: C:\Users\c3267533\.stmcufinder\plugins\mcufinder/ => C:\Users\c3267533\.stmcufinder\plugins\mcufinder
2021-05-26 18:48:14,977 [INFO] DbExamplesSqlite:690 - Set database path to: C:\Users\c3267533\.stmcufinder\plugins\mcufinder//mcu/
2021-05-26 18:48:14,993 [INFO] ApplicationProperties:181 - Using Application install path: C:\ST\STM32CubeIDE_1.5.1\STM32CubeIDE\plugins\com.st.stm32cube.common.mx_6.2.1.202103241236
2021-05-26 18:48:14,993 [INFO] PluginManage:178 - Search for loadable plugins [exclusion list=, ]
2021-05-26 18:48:14,993 [INFO] PluginManage:292 - Check plugin analytics
2021-05-26 18:48:15,118 [INFO] AnalyticsPlugin:233 - Accepted Software Licenses: 
2021-05-26 18:48:15,118 [INFO] AnalyticsPlugin:235 - Accepted CMSIS Pack Licenses: 
2021-05-26 18:48:15,118 [INFO] AnalyticsPlugin:237 - Accepted Firmware Licenses: 
2021-05-26 18:48:15,118 [INFO] PluginManage:342 - Loaded plugin analytics (category:tool,tabindex:-1)
2021-05-26 18:48:15,118 [INFO] PluginManage:292 - Check plugin clock
2021-05-26 18:48:15,133 [INFO] PluginManage:342 - Loaded plugin clock (category:base,tabindex:2)
2021-05-26 18:48:15,133 [INFO] PluginManage:292 - Check plugin ddr
2021-05-26 18:48:15,133 [INFO] PluginManage:342 - Loaded plugin ddr (category:tool,tabindex:6)
2021-05-26 18:48:15,133 [INFO] PluginManage:292 - Check plugin filemanager
2021-05-26 18:48:15,227 [INFO] PluginManage:342 - Loaded plugin filemanager (category:base,tabindex:10)
2021-05-26 18:48:15,227 [INFO] PluginManage:292 - Check plugin ipmanager
2021-05-26 18:48:15,227 [INFO] PluginManage:342 - Loaded plugin ipmanager (category:base,tabindex:5)
2021-05-26 18:48:15,227 [INFO] PluginManage:292 - Check plugin pinoutandconfiguration
2021-05-26 18:48:15,243 [INFO] PluginManage:342 - Loaded plugin pinoutandconfiguration (category:base,tabindex:1)
2021-05-26 18:48:15,243 [INFO] PluginManage:292 - Check plugin pinoutconfig
2021-05-26 18:48:15,258 [INFO] PluginManage:342 - Loaded plugin pinoutconfig (category:base,tabindex:0)
2021-05-26 18:48:15,258 [INFO] PluginManage:292 - Check plugin power
2021-05-26 18:48:15,274 [INFO] PluginManage:342 - Loaded plugin power (category:power,tabindex:4)
2021-05-26 18:48:15,274 [INFO] PluginManage:292 - Check plugin projectmanager
2021-05-26 18:48:15,290 [INFO] PluginManage:342 - Loaded plugin projectmanager (category:projectmanager,tabindex:3)
2021-05-26 18:48:15,290 [INFO] PluginManage:292 - Check plugin thirdparty
2021-05-26 18:48:15,383 [INFO] PluginManage:342 - Loaded plugin thirdparty (category:base,tabindex:-1)
2021-05-26 18:48:15,383 [INFO] PluginManage:292 - Check plugin tools
2021-05-26 18:48:15,383 [WARN] IntegrityCheckThread:59 - waiting for thirdparty lock release [integrity check]
2021-05-26 18:48:15,383 [INFO] IntegrityCheckThread:61 - entering critical section [integrity check]
2021-05-26 18:48:15,383 [INFO] ThirdPartyUpdaterWithRetryManager:56 - Updater plugin not ready yet. [1/15]
2021-05-26 18:48:15,383 [INFO] PluginManage:342 - Loaded plugin tools (category:base,tabindex:7)
2021-05-26 18:48:15,383 [INFO] PluginManage:292 - Check plugin tutovideos
2021-05-26 18:48:15,540 [INFO] PluginManage:342 - Loaded plugin tutovideos (category:base,tabindex:-1)
2021-05-26 18:48:15,540 [INFO] PluginManage:292 - Check plugin updater
2021-05-26 18:48:15,540 [INFO] PluginManage:342 - Loaded plugin updater (category:base,tabindex:12)
2021-05-26 18:48:15,540 [INFO] PluginManage:265 - PluginManage : Loaded plugins [13]
2021-05-26 18:48:15,680 [INFO] PinOutPanel:1435 - setPackage(No Configuration,No Configuration)
2021-05-26 18:48:15,743 [INFO] IPUIPlugin:64 - create IPUIPlugin
2021-05-26 18:48:15,743 [INFO] PluginManager:203 - loadIPPluginJar : add adc
2021-05-26 18:48:15,758 [INFO] IPUIPlugin:64 - create IPUIPlugin
2021-05-26 18:48:15,758 [INFO] PluginManager:203 - loadIPPluginJar : add aes
2021-05-26 18:48:15,758 [INFO] IPUIPlugin:64 - create IPUIPlugin
2021-05-26 18:48:15,758 [INFO] PluginManager:203 - loadIPPluginJar : add can
2021-05-26 18:48:15,758 [INFO] IPUIPlugin:64 - create IPUIPlugin
2021-05-26 18:48:15,758 [INFO] PluginManager:203 - loadIPPluginJar : add comp
2021-05-26 18:48:15,774 [INFO] IPUIPlugin:64 - create IPUIPlugin
2021-05-26 18:48:15,774 [INFO] PluginManager:203 - loadIPPluginJar : add cryp
2021-05-26 18:48:15,774 [INFO] IPUIPlugin:64 - create IPUIPlugin
2021-05-26 18:48:15,774 [INFO] PluginManager:203 - loadIPPluginJar : add dfsdm
2021-05-26 18:48:15,774 [INFO] IPUIPlugin:64 - create IPUIPlugin
2021-05-26 18:48:15,790 [INFO] PluginManager:203 - loadIPPluginJar : add dma
2021-05-26 18:48:15,790 [INFO] IPUIPlugin:64 - create IPUIPlugin
2021-05-26 18:48:15,790 [INFO] PluginManager:203 - loadIPPluginJar : add fatfs
2021-05-26 18:48:15,790 [INFO] IPUIPlugin:64 - create IPUIPlugin
2021-05-26 18:48:15,790 [INFO] PluginManager:203 - loadIPPluginJar : add fmc
2021-05-26 18:48:15,805 [INFO] IPUIPlugin:64 - create IPUIPlugin
2021-05-26 18:48:15,805 [INFO] PluginManager:203 - loadIPPluginJar : add freertos
2021-05-26 18:48:15,805 [INFO] IPUIPlugin:64 - create IPUIPlugin
2021-05-26 18:48:15,805 [INFO] PluginManager:203 - loadIPPluginJar : add genericplugin
2021-05-26 18:48:15,805 [INFO] IPUIPlugin:64 - create IPUIPlugin
2021-05-26 18:48:15,805 [INFO] PluginManager:203 - loadIPPluginJar : add gfxmmu
2021-05-26 18:48:15,821 [INFO] IPUIPlugin:64 - create IPUIPlugin
2021-05-26 18:48:15,821 [INFO] PluginManager:203 - loadIPPluginJar : add gic
2021-05-26 18:48:15,821 [INFO] IPUIPlugin:64 - create IPUIPlugin
2021-05-26 18:48:15,821 [INFO] PluginManager:203 - loadIPPluginJar : add gpio
2021-05-26 18:48:15,821 [INFO] IPUIPlugin:64 - create IPUIPlugin
2021-05-26 18:48:15,836 [INFO] PluginManager:203 - loadIPPluginJar : add gtzc
2021-05-26 18:48:15,836 [INFO] IPUIPlugin:64 - create IPUIPlugin
2021-05-26 18:48:15,836 [INFO] PluginManager:203 - loadIPPluginJar : add hash
2021-05-26 18:48:15,836 [INFO] IPUIPlugin:64 - create IPUIPlugin
2021-05-26 18:48:15,836 [INFO] PluginManager:203 - loadIPPluginJar : add i2c
2021-05-26 18:48:15,836 [INFO] IPUIPlugin:64 - create IPUIPlugin
2021-05-26 18:48:15,852 [INFO] PluginManager:203 - loadIPPluginJar : add i2s
2021-05-26 18:48:15,852 [INFO] IPUIPlugin:64 - create IPUIPlugin
2021-05-26 18:48:15,852 [INFO] PluginManager:203 - loadIPPluginJar : add ipddr
2021-05-26 18:48:15,852 [INFO] IPUIPlugin:64 - create IPUIPlugin
2021-05-26 18:48:15,852 [INFO] PluginManager:203 - loadIPPluginJar : add lorawan
2021-05-26 18:48:15,852 [INFO] IPUIPlugin:64 - create IPUIPlugin
2021-05-26 18:48:15,868 [INFO] PluginManager:203 - loadIPPluginJar : add ltdc
2021-05-26 18:48:15,868 [INFO] IPUIPlugin:64 - create IPUIPlugin
2021-05-26 18:48:15,868 [INFO] PluginManager:203 - loadIPPluginJar : add mdma
2021-05-26 18:48:15,868 [INFO] IPUIPlugin:64 - create IPUIPlugin
2021-05-26 18:48:15,868 [INFO] PluginManager:203 - loadIPPluginJar : add nvic
2021-05-26 18:48:15,883 [INFO] IPUIPlugin:64 - create IPUIPlugin
2021-05-26 18:48:15,883 [INFO] PluginManager:203 - loadIPPluginJar : add opamp
2021-05-26 18:48:15,883 [INFO] IPUIPlugin:64 - create IPUIPlugin
2021-05-26 18:48:15,883 [INFO] PluginManager:203 - loadIPPluginJar : add openamp
2021-05-26 18:48:15,883 [INFO] IPUIPlugin:64 - create IPUIPlugin
2021-05-26 18:48:15,883 [INFO] PluginManager:203 - loadIPPluginJar : add pdm2pcm
2021-05-26 18:48:15,899 [INFO] IPUIPlugin:64 - create IPUIPlugin
2021-05-26 18:48:15,899 [INFO] PluginManager:203 - loadIPPluginJar : add plateformsettings
2021-05-26 18:48:15,899 [INFO] IPUIPlugin:64 - create IPUIPlugin
2021-05-26 18:48:15,899 [INFO] PluginManager:203 - loadIPPluginJar : add quadspi
2021-05-26 18:48:15,915 [INFO] IPUIPlugin:64 - create IPUIPlugin
2021-05-26 18:48:15,915 [INFO] PluginManager:203 - loadIPPluginJar : add resmgrutility
2021-05-26 18:48:15,915 [INFO] IPUIPlugin:64 - create IPUIPlugin
2021-05-26 18:48:15,915 [INFO] PluginManager:203 - loadIPPluginJar : add sai
2021-05-26 18:48:15,915 [INFO] IPUIPlugin:64 - create IPUIPlugin
2021-05-26 18:48:15,915 [INFO] PluginManager:203 - loadIPPluginJar : add spi
2021-05-26 18:48:15,930 [INFO] IPUIPlugin:64 - create IPUIPlugin
2021-05-26 18:48:15,930 [INFO] PluginManager:203 - loadIPPluginJar : add stm32_wpan
2021-05-26 18:48:15,930 [INFO] IPUIPlugin:64 - create IPUIPlugin
2021-05-26 18:48:15,930 [INFO] PluginManager:203 - loadIPPluginJar : add tim
2021-05-26 18:48:15,930 [INFO] IPUIPlugin:64 - create IPUIPlugin
2021-05-26 18:48:15,930 [INFO] PluginManager:203 - loadIPPluginJar : add touchsensing
2021-05-26 18:48:15,946 [INFO] IPUIPlugin:64 - create IPUIPlugin
2021-05-26 18:48:15,946 [INFO] PluginManager:203 - loadIPPluginJar : add tracer_emb
2021-05-26 18:48:15,946 [INFO] IPUIPlugin:64 - create IPUIPlugin
2021-05-26 18:48:15,946 [INFO] PluginManager:203 - loadIPPluginJar : add ts
2021-05-26 18:48:15,946 [INFO] IPUIPlugin:64 - create IPUIPlugin
2021-05-26 18:48:15,946 [INFO] PluginManager:203 - loadIPPluginJar : add tsc
2021-05-26 18:48:15,961 [INFO] IPUIPlugin:64 - create IPUIPlugin
2021-05-26 18:48:15,961 [INFO] PluginManager:203 - loadIPPluginJar : add ucpd
2021-05-26 18:48:15,961 [INFO] IPUIPlugin:64 - create IPUIPlugin
2021-05-26 18:48:15,961 [INFO] PluginManager:203 - loadIPPluginJar : add usart
2021-05-26 18:48:16,170 [FATAL] Updater:284 - Updater called before beeing initialized
2021-05-26 18:48:16,263 [FATAL] Updater:284 - Updater called before beeing initialized
2021-05-26 18:48:16,263 [INFO] DbMcusAds:132 - JSON generation date=Fri Feb 12 01:55:24 AEDT 2021 (1613055324029)
2021-05-26 18:48:16,263 [FATAL] Updater:284 - Updater called before beeing initialized
2021-05-26 18:48:16,295 [WARN] DetailPanel:315 - Failed to get advertising image, set to default
2021-05-26 18:48:16,451 [FATAL] Updater:284 - Updater called before beeing initialized
2021-05-26 18:48:16,451 [FATAL] Updater:284 - Updater called before beeing initialized
2021-05-26 18:48:16,451 [FATAL] Updater:284 - Updater called before beeing initialized
2021-05-26 18:48:16,451 [WARN] DetailPanel:315 - Failed to get advertising image, set to default
2021-05-26 18:48:16,451 [FATAL] Updater:284 - Updater called before beeing initialized
2021-05-26 18:48:16,498 [FATAL] Updater:284 - Updater called before beeing initialized
2021-05-26 18:48:16,498 [WARN] ThirdParty:796 - waiting for thirdparty lock release [close project]
2021-05-26 18:48:18,388 [INFO] ThirdPartyUpdaterWithRetryManager:56 - Updater plugin not ready yet. [2/15]
2021-05-26 18:48:21,403 [FATAL] Updater:284 - Updater called before beeing initialized
2021-05-26 18:48:21,403 [ERROR] AbstractThirdPartyUpdaterManager:153 - class java.lang.Integer cannot be cast to class java.util.List (java.lang.Integer and java.util.List are in module java.base of loader 'bootstrap')
2021-05-26 18:48:21,403 [INFO] ThirdParty:900 - Integrity check success = false
2021-05-26 18:48:21,403 [INFO] IntegrityCheckThread:75 - exiting critical section [integrity check]
2021-05-26 18:48:21,403 [INFO] IntegrityCheckThread:78 - End integrity checks thread
2021-05-26 18:48:21,403 [INFO] ThirdParty:798 - entering critical section [close project]
2021-05-26 18:48:21,403 [INFO] ThirdParty:809 - exiting critical section [close project]
2021-05-26 18:48:21,403 [INFO] PinOutPanel:1435 - setPackage(No Configuration,No Configuration)
2021-05-26 18:48:21,403 [FATAL] Updater:284 - Updater called before beeing initialized
2021-05-26 18:48:21,418 [ERROR] Updater:1065 - MainUpdater not yet initialized. External WinMGr cannot be set.
2021-05-26 18:48:21,418 [INFO] Updater:1002 - Updater Version found : 6.2.1
2021-05-26 18:48:21,434 [INFO] ApplicationProperties:181 - Using Application install path: C:\ST\STM32CubeIDE_1.5.1\STM32CubeIDE\plugins\com.st.stm32cube.common.mx_6.2.1.202103241236
2021-05-26 18:48:21,528 [INFO] MainUpdater:2661 - connection check result : 10
2021-05-26 18:48:21,543 [INFO] MainUpdater:255 - Updater Check For Update Now.
2021-05-26 18:48:21,543 [INFO] MicroXplorer:472 - Change Database Version : DB.6.0.21
2021-05-26 18:48:21,559 [INFO] CheckServerUpdateThread:102 - End of CheckServer Thread
2021-05-26 18:48:21,653 [INFO] MainUpdater:2661 - connection check result : 10
2021-05-26 18:48:21,653 [INFO] MainUpdater:2661 - connection check result : 10
2021-05-26 18:48:21,712 [INFO] MicroXplorer:442 - Change Database Path : 
2021-05-26 18:48:21,712 [INFO] MicroXplorer:472 - Change Database Version : DB.6.0.21
2021-05-26 18:48:21,712 [WARN] ThirdParty:796 - waiting for thirdparty lock release [close project]
2021-05-26 18:48:21,712 [INFO] ThirdParty:798 - entering critical section [close project]
2021-05-26 18:48:21,712 [INFO] ThirdParty:809 - exiting critical section [close project]
2021-05-26 18:48:21,728 [INFO] PinOutPanel:1435 - setPackage(No Configuration,No Configuration)
2021-05-26 18:48:21,728 [INFO] UtilMem:74 - Begin LoadConfig() Used Memory: 173125208 Bytes (268435456)
2021-05-26 18:49:18,687 [INFO] ServerAccessManage:348 - Download File stm32cube_db_v500.zip
2021-05-26 18:49:49,623 [INFO] FileExtend:225 - Unzip File : stm32cube_db_v500.zip
2021-05-26 18:49:49,624 [INFO] FileExtend:240 - Standard Zip Deflate
2021-05-26 18:49:52,826 [INFO] LoadServerPackagesThread:169 - End of LoadServerPackages Thread
2021-05-26 18:49:52,863 [INFO] CheckServerUpdateThread:102 - End of CheckServer Thread
2021-05-26 18:49:53,239 [INFO] ServerAccessManage:348 - Download File stm32cube_db_v501.zip
2021-05-26 18:49:53,557 [INFO] FileExtend:225 - Unzip File : stm32cube_db_v501.zip
2021-05-26 18:49:53,557 [INFO] FileExtend:240 - Standard Zip Deflate
2021-05-26 18:49:57,381 [INFO] ServerAccessManage:348 - Download File stm32cube_fw_f4_v1230.zip
2021-05-26 18:50:05,699 [INFO] FileExtend:225 - Unzip File : stm32cube_fw_f4_v1230.zip
2021-05-26 18:50:05,700 [INFO] FileExtend:240 - Standard Zip Deflate
2021-05-26 18:51:11,056 [INFO] LoadServerPackagesThread:169 - End of LoadServerPackages Thread
2021-05-26 18:51:11,072 [INFO] CheckServerUpdateThread:102 - End of CheckServer Thread
2021-05-26 18:51:11,088 [INFO] MicroXplorer:442 - Change Database Path : C:/Users/c3267533/.stm32cubemx/databases/DB.5.0.0/db/
2021-05-26 18:51:11,088 [INFO] MicroXplorer:472 - Change Database Version : DB.5.0.0
2021-05-26 18:51:11,088 [INFO] OpenFileManager:303 - Change cursor
2021-05-26 18:51:11,103 [WARN] IntegrityCheckThread:59 - waiting for thirdparty lock release [integrity check]
2021-05-26 18:51:11,103 [INFO] IntegrityCheckThread:61 - entering critical section [integrity check]
2021-05-26 18:51:11,150 [WARN] PackLoader:226 - Cannot read IP mode file for RoweBots.I-CUBE-UNISONRTOS.5.5.0-4
2021-05-26 18:51:11,166 [WARN] PackLoader:226 - Cannot read IP mode file for STMicroelectronics.X-CUBE-SFXS2LP1.3.0.0
2021-05-26 18:51:11,181 [WARN] PackLoader:226 - Cannot read IP mode file for STMicroelectronics.X-CUBE-SUBG2.4.1.0
2021-05-26 18:51:11,197 [WARN] PackLoader:226 - Cannot read IP mode file for STMicroelectronics.X-CUBE-EEPRMA1.3.0.0
2021-05-26 18:51:11,244 [WARN] PackLoader:226 - Cannot read IP mode file for SEGGER.I-CUBE-embOS.1.2.0
2021-05-26 18:51:11,275 [WARN] PackLoader:226 - Cannot read IP mode file for STMicroelectronics.X-CUBE-BLE1.6.2.0
2021-05-26 18:51:11,275 [WARN] PackLoader:226 - Cannot read IP mode file for STMicroelectronics.X-CUBE-NFC4.2.0.2
2021-05-26 18:51:11,291 [WARN] PackLoader:226 - Cannot read IP mode file for STMicroelectronics.X-CUBE-BLE2.3.2.0
2021-05-26 18:51:11,291 [WARN] PackLoader:226 - Cannot read IP mode file for STMicroelectronics.X-CUBE-TOF1.1.0.0
2021-05-26 18:51:11,306 [WARN] PackLoader:226 - Cannot read IP mode file for STMicroelectronics.X-CUBE-AZRTOS-H7.1.0.0
2021-05-26 18:51:11,337 [WARN] PackLoader:226 - Cannot read IP mode file for STMicroelectronics.X-CUBE-MEMS1.8.3.0
2021-05-26 18:51:11,431 [WARN] PackLoader:226 - Cannot read IP mode file for STMicroelectronics.X-CUBE-DISPLAY.1.0.0
2021-05-26 18:51:11,431 [WARN] PackLoader:226 - Cannot read IP mode file for STMicroelectronics.X-CUBE-AI.6.0.0
2021-05-26 18:51:11,431 [WARN] PackLoader:226 - Cannot read IP mode file for STMicroelectronics.X-CUBE-ALGOBUILD.1.2.0
2021-05-26 18:51:11,431 [WARN] PackLoader:226 - Cannot read IP mode file for STMicroelectronics.X-CUBE-GNSS1.5.2.0
2021-05-26 18:51:11,447 [WARN] PackLoader:226 - Cannot read IP mode file for wolfSSL.I-CUBE-wolfSSL.4.7.0
2021-05-26 18:51:11,447 [WARN] PackLoader:226 - Cannot read IP mode file for STMicroelectronics.X-CUBE-TOUCHGFX.4.16.1
2021-05-26 18:51:11,447 [INFO] ThirdParty:900 - Integrity check success = true
2021-05-26 18:51:11,447 [INFO] IntegrityCheckThread:75 - exiting critical section [integrity check]
2021-05-26 18:51:11,447 [INFO] IntegrityCheckThread:78 - End integrity checks thread
2021-05-26 18:51:12,681 [INFO] Context:587 - Trying to add GPIOservice into a context  which must be forbidden
2021-05-26 18:51:13,056 [WARN] ApiManager:294 - Cannot register API 'Board Extension:S2868A1' from pack STMicroelectronics.X-CUBE-SFXS2LP1.3.0.0: no header file found
2021-05-26 18:51:13,056 [WARN] ApiManager:294 - Cannot register API 'Board Extension:S2868A2' from pack STMicroelectronics.X-CUBE-SFXS2LP1.3.0.0: no header file found
2021-05-26 18:51:13,056 [WARN] ApiManager:294 - Cannot register API 'Board Extension:S2915A1' from pack STMicroelectronics.X-CUBE-SFXS2LP1.3.0.0: no header file found
2021-05-26 18:51:13,071 [WARN] ModelIntegratedComponent:51 - No mode defined for component null
2021-05-26 18:51:13,071 [WARN] ModelIntegratedComponent:51 - No mode defined for component null
2021-05-26 18:51:13,071 [WARN] ModelIntegratedComponent:51 - No mode defined for component null
2021-05-26 18:51:13,071 [WARN] ModelIntegratedComponent:51 - No mode defined for component null
2021-05-26 18:51:13,071 [WARN] ModelIntegratedComponent:51 - No mode defined for component null
2021-05-26 18:51:13,071 [WARN] ModelIntegratedComponent:51 - No mode defined for component null
2021-05-26 18:51:13,071 [WARN] ModelIntegratedComponent:51 - No mode defined for component null
2021-05-26 18:51:13,071 [WARN] ModelIntegratedComponent:51 - No mode defined for component null
2021-05-26 18:51:13,071 [WARN] ModelIntegratedComponent:51 - No mode defined for component null
2021-05-26 18:51:13,071 [WARN] ModelIntegratedComponent:51 - No mode defined for component null
2021-05-26 18:51:13,071 [WARN] ModelIntegratedComponent:51 - No mode defined for component null
2021-05-26 18:51:13,071 [WARN] ModelIntegratedComponent:51 - No mode defined for component null
2021-05-26 18:51:13,071 [WARN] ModelIntegratedComponent:51 - No mode defined for component null
2021-05-26 18:51:13,071 [WARN] ModelIntegratedComponent:51 - No mode defined for component null
2021-05-26 18:51:13,071 [WARN] ModelIntegratedComponent:51 - No mode defined for component null
2021-05-26 18:51:13,071 [WARN] ModelIntegratedComponent:51 - No mode defined for component null
2021-05-26 18:51:13,071 [WARN] ModelIntegratedComponent:51 - No mode defined for component null
2021-05-26 18:51:13,071 [WARN] ModelIntegratedComponent:51 - No mode defined for component null
2021-05-26 18:51:13,071 [WARN] ModelIntegratedComponent:51 - No mode defined for component null
2021-05-26 18:51:13,071 [WARN] ModelIntegratedComponent:51 - No mode defined for component null
2021-05-26 18:51:13,087 [WARN] ModelIntegratedComponent:51 - No mode defined for component null
2021-05-26 18:51:13,087 [WARN] ModelIntegratedComponent:51 - No mode defined for component null
2021-05-26 18:51:13,087 [WARN] ModelIntegratedComponent:51 - No mode defined for component null
2021-05-26 18:51:13,087 [WARN] ModelIntegratedComponent:51 - No mode defined for component null
2021-05-26 18:51:13,087 [WARN] ModelIntegratedComponent:51 - No mode defined for component null
2021-05-26 18:51:13,087 [WARN] ModelIntegratedComponent:51 - No mode defined for component null
2021-05-26 18:51:13,087 [WARN] ModelIntegratedComponent:51 - No mode defined for component null
2021-05-26 18:51:13,087 [WARN] ApiManager:294 - Cannot register API 'Board Extension:S2868A1' from pack STMicroelectronics.X-CUBE-SUBG2.4.1.0: no header file found
2021-05-26 18:51:13,087 [WARN] ApiManager:294 - Cannot register API 'Board Extension:S2868A2' from pack STMicroelectronics.X-CUBE-SUBG2.4.1.0: no header file found
2021-05-26 18:51:13,087 [WARN] ApiManager:294 - Cannot register API 'Board Extension:S2915A1' from pack STMicroelectronics.X-CUBE-SUBG2.4.1.0: no header file found
2021-05-26 18:51:13,087 [WARN] ApiManager:294 - Cannot register API 'Board Extension:EEPRMA1' from pack STMicroelectronics.X-CUBE-EEPRMA1.3.0.0: no header file found
2021-05-26 18:51:13,103 [WARN] ApiManager:294 - Cannot register API 'Board Extension:EEPRMA2' from pack STMicroelectronics.X-CUBE-EEPRMA1.3.0.0: no header file found
2021-05-26 18:51:13,196 [WARN] ApiManager:294 - Cannot register API 'Board Extension:IKS01A3' from pack STMicroelectronics.X-CUBE-MEMS1.8.3.0: no header file found
2021-05-26 18:51:13,196 [WARN] ApiManager:294 - Cannot register API 'Board Extension:IKS01A2' from pack STMicroelectronics.X-CUBE-MEMS1.8.3.0: no header file found
2021-05-26 18:51:13,196 [WARN] ApiManager:294 - Cannot register API 'Board Extension:IKS02A1' from pack STMicroelectronics.X-CUBE-MEMS1.8.3.0: no header file found
2021-05-26 18:51:13,212 [WARN] ModelIntegratedComponent:180 - Modes not found for component STMicroelectronics:FreeRTOS:0.0.1:STMicroelectronics:CMSIS::RTOS:FreeRTOS::10.2.0:CMSIS_V1
2021-05-26 18:51:13,212 [WARN] ModelIntegratedComponent:186 - Modes not found for component STMicroelectronics:FreeRTOS:0.0.1:STMicroelectronics:CMSIS::RTOS:FreeRTOS::10.2.0:CMSIS_V1
2021-05-26 18:51:13,212 [WARN] ModelIntegratedComponent:180 - Modes not found for component STMicroelectronics:FreeRTOS:0.0.1:STMicroelectronics:CMSIS::RTOS2:FreeRTOS::10.2.0:
2021-05-26 18:51:13,212 [WARN] ModelIntegratedComponent:186 - Modes not found for component STMicroelectronics:FreeRTOS:0.0.1:STMicroelectronics:CMSIS::RTOS2:FreeRTOS::10.2.0:
2021-05-26 18:51:13,212 [WARN] ModelIntegratedComponent:180 - Modes not found for component STMicroelectronics:FreeRTOS:0.0.1:STMicroelectronics:RTOS:FreeRTOS:Core:::10.2.0:
2021-05-26 18:51:13,212 [WARN] ModelIntegratedComponent:186 - Modes not found for component STMicroelectronics:FreeRTOS:0.0.1:STMicroelectronics:RTOS:FreeRTOS:Core:::10.2.0:
2021-05-26 18:51:13,212 [WARN] ApiManager:294 - Cannot register API 'Board Extension:GNSS1A1' from pack STMicroelectronics.X-CUBE-GNSS1.5.2.0: no header file found
2021-05-26 18:51:13,212 [WARN] ApiManager:294 - Cannot register API 'Board Support:Custom' from pack STMicroelectronics.X-CUBE-GNSS1.5.2.0: no header file found
2021-05-26 18:51:13,212 [WARN] ApiManager:294 - Cannot register API 'Data Exchange:lib_gnss' from pack STMicroelectronics.X-CUBE-GNSS1.5.2.0: no header file found
2021-05-26 18:51:13,228 [WARN] ApiManager:294 - Cannot register API 'Wireless:BlueNRG-MS' from pack STMicroelectronics.X-CUBE-BLE1.6.2.0: no header file found
2021-05-26 18:51:13,228 [WARN] ApiManager:294 - Cannot register API 'Board Extension:NFC04A1' from pack STMicroelectronics.X-CUBE-NFC4.2.0.2: no header file found
2021-05-26 18:51:13,228 [WARN] ApiManager:294 - Cannot register API 'Wireless:BlueNRG-2' from pack STMicroelectronics.X-CUBE-BLE2.3.2.0: no header file found
2021-05-26 18:51:13,478 [INFO] ImportTextPane:162 - (OptionalMessage_ERROR) IP (DMA) : Parameter (Instance) has Id (MEMTOMEM1) currently not set
2021-05-26 18:51:13,478 [INFO] ImportTextPane:162 - (OptionalMessage_ERROR) IP (DMA) : Parameter (Direction) has Id (MEMTOMEM1) currently not set
2021-05-26 18:51:13,493 [INFO] ImportTextPane:162 - (OptionalMessage_ERROR) IP (DMA) : Parameter (PeriphInc) has Id (MEMTOMEM1) currently not set
2021-05-26 18:51:13,493 [INFO] ImportTextPane:162 - (OptionalMessage_ERROR) IP (DMA) : Parameter (MemInc) has Id (MEMTOMEM1) currently not set
2021-05-26 18:51:13,493 [INFO] ImportTextPane:162 - (OptionalMessage_ERROR) IP (DMA) : Parameter (PeriphDataAlignment) has Id (MEMTOMEM1) currently not set
2021-05-26 18:51:13,493 [INFO] ImportTextPane:162 - (OptionalMessage_ERROR) IP (DMA) : Parameter (MemDataAlignment) has Id (MEMTOMEM1) currently not set
2021-05-26 18:51:13,493 [INFO] ImportTextPane:162 - (OptionalMessage_ERROR) IP (DMA) : Parameter (Mode) has Id (MEMTOMEM1) currently not set
2021-05-26 18:51:13,493 [INFO] ImportTextPane:162 - (OptionalMessage_ERROR) IP (DMA) : Parameter (Priority) has Id (MEMTOMEM1) currently not set
2021-05-26 18:51:13,493 [INFO] ImportTextPane:162 - (OptionalMessage_ERROR) IP (DMA) : Parameter (FIFOMode) has Id (MEMTOMEM1) currently not set
2021-05-26 18:51:13,493 [INFO] ImportTextPane:162 - (OptionalMessage_ERROR) IP (DMA) : Parameter (FIFOThreshold) has Id (MEMTOMEM1) currently not set
2021-05-26 18:51:13,493 [INFO] ImportTextPane:162 - (OptionalMessage_ERROR) IP (DMA) : Parameter (FIFOThreshold) has invalid value (null)
2021-05-26 18:51:13,493 [INFO] ImportTextPane:162 - (OptionalMessage_ERROR) IP (DMA) : Parameter (MemBurst) has Id (MEMTOMEM1) currently not set
2021-05-26 18:51:13,493 [INFO] ImportTextPane:162 - (OptionalMessage_ERROR) IP (DMA) : Parameter (MemBurst) has invalid value (null)
2021-05-26 18:51:13,493 [INFO] ImportTextPane:162 - (OptionalMessage_ERROR) IP (DMA) : Parameter (PeriphBurst) has Id (MEMTOMEM1) currently not set
2021-05-26 18:51:13,493 [INFO] ImportTextPane:162 - (OptionalMessage_ERROR) IP (DMA) : Parameter (PeriphBurst) has invalid value (null)
2021-05-26 18:51:13,493 [INFO] ImportTextPane:162 - (OptionalMessage_ERROR) IP (DMA) : Parameter (Instance) has Id (ADC1) currently not set
2021-05-26 18:51:13,493 [INFO] ImportTextPane:162 - (OptionalMessage_ERROR) IP (DMA) : Parameter (Channel) has Id (ADC1) currently not set
2021-05-26 18:51:13,493 [INFO] ImportTextPane:162 - (OptionalMessage_ERROR) IP (DMA) : Parameter (Direction) has Id (ADC1) currently not set
2021-05-26 18:51:13,493 [INFO] ImportTextPane:162 - (OptionalMessage_ERROR) IP (DMA) : Parameter (PeriphInc) has Id (ADC1) currently not set
2021-05-26 18:51:13,493 [INFO] ImportTextPane:162 - (OptionalMessage_ERROR) IP (DMA) : Parameter (MemInc) has Id (ADC1) currently not set
2021-05-26 18:51:13,493 [INFO] ImportTextPane:162 - (OptionalMessage_ERROR) IP (DMA) : Parameter (PeriphDataAlignment) has Id (ADC1) currently not set
2021-05-26 18:51:13,493 [INFO] ImportTextPane:162 - (OptionalMessage_ERROR) IP (DMA) : Parameter (MemDataAlignment) has Id (ADC1) currently not set
2021-05-26 18:51:13,493 [INFO] ImportTextPane:162 - (OptionalMessage_ERROR) IP (DMA) : Parameter (Mode) has Id (ADC1) currently not set
2021-05-26 18:51:13,509 [INFO] ImportTextPane:162 - (OptionalMessage_ERROR) IP (DMA) : Parameter (Priority) has Id (ADC1) currently not set
2021-05-26 18:51:13,509 [INFO] ImportTextPane:162 - (OptionalMessage_ERROR) IP (DMA) : Parameter (FIFOMode) has Id (ADC1) currently not set
2021-05-26 18:51:13,509 [INFO] ImportTextPane:162 - (OptionalMessage_ERROR) IP (RCC) : Parameter (RTCHSEDivFreq_Value) has invalid value (4000000)
2021-05-26 18:51:13,634 [INFO] UtilMem:74 - End LoadConfig() Used Memory: 526845456 Bytes (1073741824)
2021-05-26 18:51:13,634 [INFO] DbMcusXml:100 - Load MCU database from C:\ST\STM32CubeIDE_1.5.1\STM32CubeIDE\plugins\com.st.stm32cube.common.mx_6.2.1.202103241236\\db\/mcu/families.xml
2021-05-26 18:51:14,102 [INFO] DbMcusJson:94 - JSON generation date=Tue Feb 09 00:35:07 AEDT 2021 (1612791307)
2021-05-26 18:51:14,477 [INFO] DbMcus:175 - Found 1906 MCUs (1866 are supported by CubeMX, 1866 are visible in CubeMX)
2021-05-26 18:51:14,477 [INFO] ApiDb:242 - User favorites file not found: C:\Users\c3267533/.stm32cubeide/favorites.mcus.txt
2021-05-26 18:51:14,477 [INFO] DbMcus:187 - Set 0 / 0 favorites MCUs
2021-05-26 18:51:14,477 [WARN] ThirdParty:762 - waiting for thirdparty lock release [change project]
2021-05-26 18:51:14,477 [INFO] ThirdParty:764 - entering critical section [change project]
2021-05-26 18:51:14,477 [INFO] ThirdParty:952 - CMSIS Pack Vendor :RoweBots I-CUBE-UNISONRTOS 5.5.0-4
2021-05-26 18:51:14,477 [INFO] ThirdParty:952 - CMSIS Pack Vendor :STMicroelectronics X-CUBE-SFXS2LP1 3.0.0
2021-05-26 18:51:14,477 [INFO] ThirdParty:952 - CMSIS Pack Vendor :STMicroelectronics USB_HOST 2.0.0
2021-05-26 18:51:14,477 [INFO] ThirdParty:952 - CMSIS Pack Vendor :STMicroelectronics USB_DEVICE 3.0.0
2021-05-26 18:51:14,493 [INFO] ThirdParty:952 - CMSIS Pack Vendor :STMicroelectronics HAL Drivers 0.0.0
2021-05-26 18:51:14,493 [INFO] ThirdParty:952 - CMSIS Pack Vendor :STMicroelectronics MBEDTLS 2.16.2
2021-05-26 18:51:14,493 [INFO] ThirdParty:952 - CMSIS Pack Vendor :STMicroelectronics MBEDTLS 2.14.1
2021-05-26 18:51:14,493 [INFO] ThirdParty:952 - CMSIS Pack Vendor :STMicroelectronics X-CUBE-SUBG2 4.1.0
2021-05-26 18:51:14,493 [INFO] ThirdParty:952 - CMSIS Pack Vendor :STMicroelectronics X-CUBE-TOF1 1.0.0
2021-05-26 18:51:14,493 [INFO] ThirdParty:952 - CMSIS Pack Vendor :STMicroelectronics X-CUBE-AZRTOS-H7 1.0.0
2021-05-26 18:51:14,493 [INFO] ThirdParty:952 - CMSIS Pack Vendor :STMicroelectronics USB_DEVICE 2.0.0
2021-05-26 18:51:14,493 [INFO] ThirdParty:952 - CMSIS Pack Vendor :STMicroelectronics X-CUBE-EEPRMA1 3.0.0
2021-05-26 18:51:14,493 [INFO] ThirdParty:952 - CMSIS Pack Vendor :STMicroelectronics X-CUBE-MEMS1 8.3.0
2021-05-26 18:51:14,493 [INFO] ThirdParty:952 - CMSIS Pack Vendor :STMicroelectronics X-CUBE-DISPLAY 1.0.0
2021-05-26 18:51:14,493 [INFO] ThirdParty:952 - CMSIS Pack Vendor :STMicroelectronics FreeRTOS 0.0.1
2021-05-26 18:51:14,493 [INFO] ThirdParty:952 - CMSIS Pack Vendor :STMicroelectronics USB_DEVICE 1.0.0
2021-05-26 18:51:14,493 [INFO] ThirdParty:952 - CMSIS Pack Vendor :STMicroelectronics X-CUBE-AI 6.0.0
2021-05-26 18:51:14,493 [INFO] ThirdParty:952 - CMSIS Pack Vendor :SEGGER I-CUBE-embOS 1.2.0
2021-05-26 18:51:14,493 [INFO] ThirdParty:952 - CMSIS Pack Vendor :STMicroelectronics X-CUBE-ALGOBUILD 1.2.0
2021-05-26 18:51:14,493 [INFO] ThirdParty:952 - CMSIS Pack Vendor :STMicroelectronics X-CUBE-GNSS1 5.2.0
2021-05-26 18:51:14,493 [INFO] ThirdParty:952 - CMSIS Pack Vendor :STMicroelectronics lwIP 2.0.3
2021-05-26 18:51:14,493 [INFO] ThirdParty:952 - CMSIS Pack Vendor :STMicroelectronics lwIP 2.1.2
2021-05-26 18:51:14,493 [INFO] ThirdParty:952 - CMSIS Pack Vendor :STMicroelectronics X-CUBE-BLE1 6.2.0
2021-05-26 18:51:14,493 [INFO] ThirdParty:952 - CMSIS Pack Vendor :STMicroelectronics USB_HOST 1.0.0
2021-05-26 18:51:14,493 [INFO] ThirdParty:952 - CMSIS Pack Vendor :STMicroelectronics X-CUBE-NFC4 2.0.2
2021-05-26 18:51:14,493 [INFO] ThirdParty:952 - CMSIS Pack Vendor :wolfSSL I-CUBE-wolfSSL 4.7.0
2021-05-26 18:51:14,493 [INFO] ThirdParty:952 - CMSIS Pack Vendor :STMicroelectronics X-CUBE-TOUCHGFX 4.16.1
2021-05-26 18:51:14,509 [INFO] ThirdParty:952 - CMSIS Pack Vendor :STMicroelectronics PDM2PCM 3.1.0
2021-05-26 18:51:14,509 [INFO] ThirdParty:952 - CMSIS Pack Vendor :STMicroelectronics PDM2PCM 3.2.0
2021-05-26 18:51:14,509 [INFO] ThirdParty:952 - CMSIS Pack Vendor :STMicroelectronics PDM2PCM 3.3.0
2021-05-26 18:51:14,509 [INFO] ThirdParty:952 - CMSIS Pack Vendor :STMicroelectronics X-CUBE-BLE2 3.2.0
2021-05-26 18:51:14,509 [INFO] ThirdParty:770 - exiting critical section [change project]
2021-05-26 18:51:14,821 [INFO] PinOutPanel:1435 - setPackage(No Configuration,No Configuration)
2021-05-26 18:51:14,821 [INFO] PinOutPanel:1435 - setPackage(STM32F407VGTx,LQFP100)
2021-05-26 18:51:15,165 [INFO] UtilMem:74 - Before build in PCC Used Memory: 299622544 Bytes (1073741824)
2021-05-26 18:51:15,446 [INFO] SharedServices:72 - Folder for power plug-in: C:/Users/c3267533/.stm32cubemx/plugins/power
2021-05-26 18:51:15,477 [INFO] SharedServices:72 - Folder for power plug-in: C:/Users/c3267533/.stm32cubemx/plugins/power
2021-05-26 18:51:15,508 [INFO] SharedServices:72 - Folder for power plug-in: C:/Users/c3267533/.stm32cubemx/plugins/power
2021-05-26 18:51:15,524 [INFO] SharedServices:72 - Folder for power plug-in: C:/Users/c3267533/.stm32cubemx/plugins/power
2021-05-26 18:51:15,633 [INFO] UtilMem:74 - After build in PCC Used Memory: 382986384 Bytes (1073741824)
2021-05-26 18:51:15,649 [INFO] IPUIPlugin:64 - create IPUIPlugin
2021-05-26 18:51:15,649 [INFO] IPUIPlugin:64 - create IPUIPlugin
2021-05-26 18:51:15,665 [INFO] IPUIPlugin:64 - create IPUIPlugin
2021-05-26 18:51:15,665 [INFO] IPUIPlugin:64 - create IPUIPlugin
2021-05-26 18:51:15,665 [INFO] IPUIPlugin:64 - create IPUIPlugin
2021-05-26 18:51:15,665 [INFO] IPUIPlugin:64 - create IPUIPlugin
2021-05-26 18:51:15,665 [INFO] IPUIPlugin:64 - create IPUIPlugin
2021-05-26 18:51:15,665 [INFO] IPUIPlugin:64 - create IPUIPlugin
2021-05-26 18:51:15,665 [INFO] IPUIPlugin:64 - create IPUIPlugin
2021-05-26 18:51:15,665 [INFO] IPUIPlugin:64 - create IPUIPlugin
2021-05-26 18:51:15,665 [INFO] IPUIPlugin:64 - create IPUIPlugin
2021-05-26 18:51:15,665 [INFO] IPUIPlugin:64 - create IPUIPlugin
2021-05-26 18:51:15,665 [INFO] IPUIPlugin:64 - create IPUIPlugin
2021-05-26 18:51:15,665 [INFO] IPUIPlugin:64 - create IPUIPlugin
2021-05-26 18:51:15,665 [INFO] IPUIPlugin:64 - create IPUIPlugin
2021-05-26 18:51:15,665 [INFO] IPUIPlugin:64 - create IPUIPlugin
2021-05-26 18:51:15,665 [INFO] IPUIPlugin:64 - create IPUIPlugin
2021-05-26 18:51:15,665 [INFO] IPUIPlugin:64 - create IPUIPlugin
2021-05-26 18:51:15,665 [INFO] IPUIPlugin:64 - create IPUIPlugin
2021-05-26 18:51:15,665 [INFO] IPUIPlugin:64 - create IPUIPlugin
2021-05-26 18:51:15,665 [INFO] IPUIPlugin:64 - create IPUIPlugin
2021-05-26 18:51:15,680 [INFO] IPUIPlugin:64 - create IPUIPlugin
2021-05-26 18:51:15,680 [INFO] IPUIPlugin:64 - create IPUIPlugin
2021-05-26 18:51:15,680 [INFO] IPUIPlugin:64 - create IPUIPlugin
2021-05-26 18:51:15,680 [INFO] IPUIPlugin:64 - create IPUIPlugin
2021-05-26 18:51:15,680 [INFO] IPUIPlugin:64 - create IPUIPlugin
2021-05-26 18:51:15,680 [INFO] IPUIPlugin:64 - create IPUIPlugin
2021-05-26 18:51:15,680 [INFO] IPUIPlugin:64 - create IPUIPlugin
2021-05-26 18:51:15,680 [INFO] IPUIPlugin:64 - create IPUIPlugin
2021-05-26 18:51:15,680 [INFO] IPUIPlugin:64 - create IPUIPlugin
2021-05-26 18:51:15,680 [INFO] IPUIPlugin:64 - create IPUIPlugin
2021-05-26 18:51:15,680 [INFO] IPUIPlugin:64 - create IPUIPlugin
2021-05-26 18:51:15,680 [INFO] IPUIPlugin:64 - create IPUIPlugin
2021-05-26 18:51:15,680 [INFO] IPUIPlugin:64 - create IPUIPlugin
2021-05-26 18:51:15,680 [INFO] IPUIPlugin:64 - create IPUIPlugin
2021-05-26 18:51:15,680 [INFO] IPUIPlugin:64 - create IPUIPlugin
2021-05-26 18:51:15,680 [INFO] IPUIPlugin:64 - create IPUIPlugin
2021-05-26 18:51:15,680 [INFO] IPUIPlugin:64 - create IPUIPlugin
2021-05-26 18:51:15,696 [INFO] IPUIPlugin:64 - create IPUIPlugin
2021-05-26 18:51:15,696 [INFO] IPUIPlugin:64 - create IPUIPlugin
2021-05-26 18:51:15,696 [INFO] IPUIPlugin:64 - create IPUIPlugin
2021-05-26 18:51:15,696 [INFO] IPUIPlugin:64 - create IPUIPlugin
2021-05-26 18:51:15,696 [INFO] IPUIPlugin:64 - create IPUIPlugin
2021-05-26 18:51:15,696 [INFO] IPUIPlugin:64 - create IPUIPlugin
2021-05-26 18:51:15,696 [INFO] IPUIPlugin:64 - create IPUIPlugin
2021-05-26 18:51:15,696 [INFO] IPUIPlugin:64 - create IPUIPlugin
2021-05-26 18:51:15,696 [INFO] IPUIPlugin:64 - create IPUIPlugin
2021-05-26 18:51:15,696 [INFO] IPUIPlugin:64 - create IPUIPlugin
2021-05-26 18:51:15,696 [INFO] IPUIPlugin:64 - create IPUIPlugin
2021-05-26 18:51:15,696 [INFO] IPUIPlugin:64 - create IPUIPlugin
2021-05-26 18:51:15,696 [INFO] IPUIPlugin:64 - create IPUIPlugin
2021-05-26 18:51:15,696 [INFO] IPUIPlugin:64 - create IPUIPlugin
2021-05-26 18:51:15,696 [INFO] IPUIPlugin:64 - create IPUIPlugin
2021-05-26 18:51:15,711 [INFO] IPUIPlugin:64 - create IPUIPlugin
2021-05-26 18:51:15,711 [INFO] IPUIPlugin:64 - create IPUIPlugin
2021-05-26 18:51:15,711 [INFO] IPUIPlugin:64 - create IPUIPlugin
2021-05-26 18:51:15,711 [INFO] IPUIPlugin:64 - create IPUIPlugin
2021-05-26 18:51:15,711 [INFO] IPUIPlugin:64 - create IPUIPlugin
2021-05-26 18:51:15,743 [INFO] ApiDbMcu:458 - Load IP Config File for PDM2PCM
2021-05-26 18:51:15,758 [INFO] LogOutputStream:76 - [STDOUT_REDIRECT] toolchainItems.length=====1
2021-05-26 18:51:15,836 [INFO] OpenFileManager:323 - Restore cursor
2021-05-26 18:51:42,511 [INFO] ADCParametersView:97 -                Rank 1 : false
2021-05-26 18:51:42,511 [INFO] ADCParametersView:97 -                Rank 1 : false
2021-05-26 18:51:42,511 [INFO] ADCParametersView:97 -                Rank 2 : false
2021-05-26 18:53:31,747 [INFO] ADCParametersView:97 -                Rank 1 : false
2021-05-26 18:53:31,763 [INFO] ADCParametersView:97 -                Rank 2 : false
2021-05-26 18:53:31,763 [INFO] ADCParametersView:97 -                Rank 1 : false
2021-05-26 18:53:31,763 [INFO] ADCParametersView:97 -                Rank 2 : false
2021-05-26 18:53:31,763 [INFO] ADCParametersView:97 -                Rank 1 : false
2021-05-26 18:53:31,763 [INFO] ADCParametersView:97 -                Rank 2 : false
2021-05-26 18:53:31,763 [INFO] ADCParametersView:97 -                Rank 1 : false
2021-05-26 18:53:31,763 [INFO] ADCParametersView:97 -                Rank 2 : false
2021-05-26 18:53:31,763 [INFO] ADCParametersView:97 -                Rank 1 : false
2021-05-26 18:53:31,763 [INFO] ADCParametersView:97 -                Rank 2 : false
2021-05-26 18:53:31,763 [INFO] ADCParametersView:97 -                Rank 1 : false
2021-05-26 18:53:31,763 [INFO] ADCParametersView:97 -                Rank 2 : false
2021-05-26 18:53:31,763 [INFO] ADCParametersView:97 -                Rank 1 : false
2021-05-26 18:53:31,763 [INFO] ADCParametersView:97 -                Rank 2 : false
2021-05-26 18:53:31,763 [INFO] ADCParametersView:97 -                Rank 1 : false
2021-05-26 18:53:31,763 [INFO] ADCParametersView:97 -                Rank 2 : false
2021-05-26 18:53:31,763 [INFO] ADCParametersView:97 -                Rank 1 : false
2021-05-26 18:53:31,763 [INFO] ADCParametersView:97 -                Rank 2 : false
2021-05-26 18:53:31,763 [INFO] ADCParametersView:97 -                Rank 1 : false
2021-05-26 18:53:31,763 [INFO] ADCParametersView:97 -                Rank 2 : false
2021-05-26 18:53:31,779 [INFO] ADCParametersView:97 -                Rank 1 : false
2021-05-26 18:53:31,779 [INFO] ADCParametersView:97 -                Rank 2 : false
2021-05-26 18:53:31,779 [INFO] ADCParametersView:97 -                Rank 1 : false
2021-05-26 18:53:31,779 [INFO] ADCParametersView:97 -                Rank 2 : false
2021-05-26 18:53:31,779 [INFO] ADCParametersView:97 -                Rank 1 : false
2021-05-26 18:53:31,779 [INFO] ADCParametersView:97 -                Rank 2 : false
2021-05-26 18:53:31,779 [INFO] ADCParametersView:97 -                Rank 1 : false
2021-05-26 18:53:31,779 [INFO] ADCParametersView:97 -                Rank 2 : false
2021-05-26 18:53:31,779 [INFO] ADCParametersView:97 -                Rank 2 : false
2021-05-26 18:53:31,826 [INFO] ADCParametersView:97 -                Rank 1 : false
2021-05-26 18:53:31,826 [INFO] ADCParametersView:97 -                Rank 1 : false
2021-05-26 18:53:31,826 [INFO] ADCParametersView:97 -                Rank 2 : false
2021-05-26 18:54:12,980 [INFO] NvicIntPanel:90 - NVIC parent = com.st.microxplorer.plugins.ip.nvic.MultiNvicIntPanel[,0,0,576x297,layout=javax.swing.BoxLayout,alignmentX=0.0,alignmentY=0.0,border=,flags=9,maximumSize=,minimumSize=,preferredSize=]
2021-05-26 18:54:41,723 [INFO] ADCParametersView:97 -                Rank 1 : false
2021-05-26 18:54:41,723 [INFO] ADCParametersView:97 -                Rank 2 : false
2021-05-26 18:54:41,723 [INFO] ADCParametersView:97 -                Rank 1 : false
2021-05-26 18:54:41,723 [INFO] ADCParametersView:97 -                Rank 2 : false
2021-05-26 18:54:41,723 [INFO] ADCParametersView:97 -                Rank 1 : false
2021-05-26 18:54:41,723 [INFO] ADCParametersView:97 -                Rank 2 : false
2021-05-26 18:54:41,723 [INFO] ADCParametersView:97 -                Rank 1 : false
2021-05-26 18:54:41,723 [INFO] ADCParametersView:97 -                Rank 2 : false
2021-05-26 18:54:41,723 [INFO] ADCParametersView:97 -                Rank 1 : false
2021-05-26 18:54:41,738 [INFO] ADCParametersView:97 -                Rank 2 : false
2021-05-26 18:54:41,738 [INFO] ADCParametersView:97 -                Rank 1 : false
2021-05-26 18:54:41,738 [INFO] ADCParametersView:97 -                Rank 2 : false
2021-05-26 18:54:41,738 [INFO] ADCParametersView:97 -                Rank 1 : false
2021-05-26 18:54:41,738 [INFO] ADCParametersView:97 -                Rank 2 : false
2021-05-26 18:54:41,738 [INFO] ADCParametersView:97 -                Rank 1 : false
2021-05-26 18:54:41,738 [INFO] ADCParametersView:97 -                Rank 2 : false
2021-05-26 18:54:41,738 [INFO] ADCParametersView:97 -                Rank 1 : false
2021-05-26 18:54:41,738 [INFO] ADCParametersView:97 -                Rank 2 : false
2021-05-26 18:54:41,738 [INFO] ADCParametersView:97 -                Rank 1 : false
2021-05-26 18:54:41,738 [INFO] ADCParametersView:97 -                Rank 2 : false
2021-05-26 18:54:41,738 [INFO] ADCParametersView:97 -                Rank 1 : false
2021-05-26 18:54:41,738 [INFO] ADCParametersView:97 -                Rank 2 : false
2021-05-26 18:54:41,738 [INFO] ADCParametersView:97 -                Rank 1 : false
2021-05-26 18:54:41,738 [INFO] ADCParametersView:97 -                Rank 2 : false
2021-05-26 18:54:41,738 [INFO] ADCParametersView:97 -                Rank 1 : false
2021-05-26 18:54:41,738 [INFO] ADCParametersView:97 -                Rank 2 : false
2021-05-26 18:54:41,738 [INFO] ADCParametersView:97 -                Rank 1 : false
2021-05-26 18:54:41,738 [INFO] ADCParametersView:97 -                Rank 2 : false
2021-05-26 18:54:41,738 [INFO] ADCParametersView:97 -                Rank 2 : false
2021-05-26 18:54:41,785 [INFO] ADCParametersView:97 -                Rank 1 : false
2021-05-26 18:54:41,785 [INFO] ADCParametersView:97 -                Rank 1 : false
2021-05-26 18:54:41,785 [INFO] ADCParametersView:97 -                Rank 2 : false
